{"/Users/mgeerse/Documents/BettyBlocks/gunderson-highq/functions/add-ids/1.0/index.js": {"path":"/Users/mgeerse/Documents/BettyBlocks/gunderson-highq/functions/add-ids/1.0/index.js","all":false,"statementMap":{"0":{"start":{"line":1,"column":0},"end":{"line":1,"column":50}},"1":{"start":{"line":2,"column":0},"end":{"line":2,"column":29}},"2":{"start":{"line":3,"column":0},"end":{"line":3,"column":60}},"3":{"start":{"line":4,"column":0},"end":{"line":4,"column":39}},"4":{"start":{"line":5,"column":0},"end":{"line":5,"column":24}},"5":{"start":{"line":6,"column":0},"end":{"line":6,"column":45}},"6":{"start":{"line":7,"column":0},"end":{"line":7,"column":14}},"7":{"start":{"line":8,"column":0},"end":{"line":8,"column":30}},"8":{"start":{"line":9,"column":0},"end":{"line":9,"column":7}},"9":{"start":{"line":10,"column":0},"end":{"line":10,"column":5}},"10":{"start":{"line":11,"column":0},"end":{"line":11,"column":12}},"11":{"start":{"line":12,"column":0},"end":{"line":12,"column":16}},"12":{"start":{"line":13,"column":0},"end":{"line":13,"column":6}},"13":{"start":{"line":14,"column":0},"end":{"line":14,"column":10}},"14":{"start":{"line":15,"column":0},"end":{"line":15,"column":44}},"15":{"start":{"line":16,"column":0},"end":{"line":16,"column":3}},"16":{"start":{"line":17,"column":0},"end":{"line":17,"column":2}},"17":{"start":{"line":18,"column":0},"end":{"line":18,"column":0}},"18":{"start":{"line":19,"column":0},"end":{"line":19,"column":22}}},"s":{"0":1,"1":3,"2":2,"3":4,"4":4,"5":2,"6":2,"7":2,"8":2,"9":4,"10":2,"11":2,"12":2,"13":3,"14":1,"15":1,"16":3,"17":1,"18":1},"branchMap":{"0":{"type":"branch","line":1,"loc":{"start":{"line":1,"column":15},"end":{"line":17,"column":2}},"locations":[{"start":{"line":1,"column":15},"end":{"line":17,"column":2}}]},"1":{"type":"branch","line":2,"loc":{"start":{"line":2,"column":28},"end":{"line":14,"column":3}},"locations":[{"start":{"line":2,"column":28},"end":{"line":14,"column":3}}]},"2":{"type":"branch","line":3,"loc":{"start":{"line":3,"column":59},"end":{"line":10,"column":5}},"locations":[{"start":{"line":3,"column":59},"end":{"line":10,"column":5}}]},"3":{"type":"branch","line":5,"loc":{"start":{"line":5,"column":23},"end":{"line":9,"column":7}},"locations":[{"start":{"line":5,"column":23},"end":{"line":9,"column":7}}]},"4":{"type":"branch","line":14,"loc":{"start":{"line":14,"column":3},"end":{"line":16,"column":3}},"locations":[{"start":{"line":14,"column":3},"end":{"line":16,"column":3}}]}},"b":{"0":[3],"1":[2],"2":[4],"3":[2],"4":[1]},"fnMap":{"0":{"name":"addIds","decl":{"start":{"line":1,"column":15},"end":{"line":17,"column":2}},"loc":{"start":{"line":1,"column":15},"end":{"line":17,"column":2}},"line":1}},"f":{"0":3}}
,"/Users/mgeerse/Documents/BettyBlocks/gunderson-highq/functions/count/1.0/index.js": {"path":"/Users/mgeerse/Documents/BettyBlocks/gunderson-highq/functions/count/1.0/index.js","all":false,"statementMap":{"0":{"start":{"line":1,"column":0},"end":{"line":1,"column":40}},"1":{"start":{"line":2,"column":0},"end":{"line":2,"column":7}},"2":{"start":{"line":3,"column":0},"end":{"line":3,"column":26}},"3":{"start":{"line":4,"column":0},"end":{"line":4,"column":15}},"4":{"start":{"line":5,"column":0},"end":{"line":5,"column":23}},"5":{"start":{"line":6,"column":0},"end":{"line":6,"column":13}},"6":{"start":{"line":7,"column":0},"end":{"line":7,"column":12}},"7":{"start":{"line":8,"column":0},"end":{"line":8,"column":27}},"8":{"start":{"line":9,"column":0},"end":{"line":9,"column":6}},"9":{"start":{"line":10,"column":0},"end":{"line":10,"column":3}},"10":{"start":{"line":11,"column":0},"end":{"line":11,"column":2}},"11":{"start":{"line":12,"column":0},"end":{"line":12,"column":0}},"12":{"start":{"line":13,"column":0},"end":{"line":13,"column":21}}},"s":{"0":1,"1":2,"2":2,"3":2,"4":2,"5":2,"6":2,"7":2,"8":2,"9":2,"10":2,"11":1,"12":1},"branchMap":{"0":{"type":"branch","line":1,"loc":{"start":{"line":1,"column":14},"end":{"line":11,"column":2}},"locations":[{"start":{"line":1,"column":14},"end":{"line":11,"column":2}}]},"1":{"type":"branch","line":6,"loc":{"start":{"line":6,"column":3},"end":{"line":6,"column":12}},"locations":[{"start":{"line":6,"column":3},"end":{"line":6,"column":12}}]}},"b":{"0":[2],"1":[0]},"fnMap":{"0":{"name":"count","decl":{"start":{"line":1,"column":14},"end":{"line":11,"column":2}},"loc":{"start":{"line":1,"column":14},"end":{"line":11,"column":2}},"line":1}},"f":{"0":2}}
,"/Users/mgeerse/Documents/BettyBlocks/gunderson-highq/functions/disect-params/1.0/index.js": {"path":"/Users/mgeerse/Documents/BettyBlocks/gunderson-highq/functions/disect-params/1.0/index.js","all":false,"statementMap":{"0":{"start":{"line":1,"column":0},"end":{"line":1,"column":80}},"1":{"start":{"line":2,"column":0},"end":{"line":2,"column":19}},"2":{"start":{"line":3,"column":0},"end":{"line":3,"column":41}},"3":{"start":{"line":4,"column":0},"end":{"line":4,"column":36}},"4":{"start":{"line":5,"column":0},"end":{"line":5,"column":32}},"5":{"start":{"line":6,"column":0},"end":{"line":6,"column":28}},"6":{"start":{"line":7,"column":0},"end":{"line":7,"column":9}},"7":{"start":{"line":8,"column":0},"end":{"line":8,"column":15}},"8":{"start":{"line":9,"column":0},"end":{"line":9,"column":39}},"9":{"start":{"line":10,"column":0},"end":{"line":10,"column":30}},"10":{"start":{"line":11,"column":0},"end":{"line":11,"column":27}},"11":{"start":{"line":12,"column":0},"end":{"line":12,"column":7}},"12":{"start":{"line":13,"column":0},"end":{"line":13,"column":51}},"13":{"start":{"line":14,"column":0},"end":{"line":14,"column":12}},"14":{"start":{"line":15,"column":0},"end":{"line":15,"column":40}},"15":{"start":{"line":16,"column":0},"end":{"line":16,"column":5}},"16":{"start":{"line":17,"column":0},"end":{"line":17,"column":4}},"17":{"start":{"line":18,"column":0},"end":{"line":18,"column":0}},"18":{"start":{"line":19,"column":0},"end":{"line":19,"column":28}},"19":{"start":{"line":20,"column":0},"end":{"line":20,"column":0}},"20":{"start":{"line":21,"column":0},"end":{"line":21,"column":10}},"21":{"start":{"line":22,"column":0},"end":{"line":22,"column":17}},"22":{"start":{"line":23,"column":0},"end":{"line":23,"column":16}},"23":{"start":{"line":24,"column":0},"end":{"line":24,"column":35}},"24":{"start":{"line":25,"column":0},"end":{"line":25,"column":12}},"25":{"start":{"line":26,"column":0},"end":{"line":26,"column":4}},"26":{"start":{"line":27,"column":0},"end":{"line":27,"column":2}},"27":{"start":{"line":28,"column":0},"end":{"line":28,"column":0}},"28":{"start":{"line":29,"column":0},"end":{"line":29,"column":28}}},"s":{"0":1,"1":1,"2":1,"3":1,"4":1,"5":0,"6":1,"7":1,"8":0,"9":0,"10":0,"11":0,"12":0,"13":0,"14":0,"15":0,"16":1,"17":1,"18":1,"19":1,"20":1,"21":1,"22":1,"23":1,"24":1,"25":1,"26":1,"27":1,"28":1},"branchMap":{"0":{"type":"branch","line":1,"loc":{"start":{"line":1,"column":21},"end":{"line":27,"column":2}},"locations":[{"start":{"line":1,"column":21},"end":{"line":27,"column":2}}]},"1":{"type":"branch","line":3,"loc":{"start":{"line":3,"column":25},"end":{"line":17,"column":3}},"locations":[{"start":{"line":3,"column":25},"end":{"line":17,"column":3}}]},"2":{"type":"branch","line":8,"loc":{"start":{"line":8,"column":5},"end":{"line":16,"column":5}},"locations":[{"start":{"line":8,"column":5},"end":{"line":16,"column":5}}]}},"b":{"0":[1],"1":[1],"2":[0]},"fnMap":{"0":{"name":"disectParams","decl":{"start":{"line":1,"column":21},"end":{"line":27,"column":2}},"loc":{"start":{"line":1,"column":21},"end":{"line":27,"column":2}},"line":1},"1":{"name":"setConditions","decl":{"start":{"line":3,"column":25},"end":{"line":17,"column":3}},"loc":{"start":{"line":3,"column":25},"end":{"line":17,"column":3}},"line":3}},"f":{"0":1,"1":1}}
,"/Users/mgeerse/Documents/BettyBlocks/gunderson-highq/functions/fetch-json-variable/1.0/index.js": {"path":"/Users/mgeerse/Documents/BettyBlocks/gunderson-highq/functions/fetch-json-variable/1.0/index.js","all":false,"statementMap":{"0":{"start":{"line":1,"column":0},"end":{"line":1,"column":61}},"1":{"start":{"line":2,"column":0},"end":{"line":2,"column":7}},"2":{"start":{"line":3,"column":0},"end":{"line":3,"column":38}},"3":{"start":{"line":4,"column":0},"end":{"line":4,"column":13}},"4":{"start":{"line":5,"column":0},"end":{"line":5,"column":32}},"5":{"start":{"line":6,"column":0},"end":{"line":6,"column":57}},"6":{"start":{"line":7,"column":0},"end":{"line":7,"column":39}},"7":{"start":{"line":8,"column":0},"end":{"line":8,"column":44}},"8":{"start":{"line":9,"column":0},"end":{"line":9,"column":17}},"9":{"start":{"line":10,"column":0},"end":{"line":10,"column":9}},"10":{"start":{"line":11,"column":0},"end":{"line":11,"column":37}},"11":{"start":{"line":12,"column":0},"end":{"line":12,"column":9}},"12":{"start":{"line":13,"column":0},"end":{"line":13,"column":5}},"13":{"start":{"line":14,"column":0},"end":{"line":14,"column":0}},"14":{"start":{"line":15,"column":0},"end":{"line":15,"column":12}},"15":{"start":{"line":16,"column":0},"end":{"line":16,"column":63}},"16":{"start":{"line":17,"column":0},"end":{"line":17,"column":6}},"17":{"start":{"line":18,"column":0},"end":{"line":18,"column":3}},"18":{"start":{"line":19,"column":0},"end":{"line":19,"column":2}},"19":{"start":{"line":20,"column":0},"end":{"line":20,"column":0}},"20":{"start":{"line":21,"column":0},"end":{"line":21,"column":33}}},"s":{"0":1,"1":2,"2":2,"3":2,"4":2,"5":1,"6":2,"7":1,"8":1,"9":1,"10":1,"11":1,"12":1,"13":2,"14":2,"15":2,"16":2,"17":2,"18":2,"19":1,"20":1},"branchMap":{"0":{"type":"branch","line":1,"loc":{"start":{"line":1,"column":26},"end":{"line":19,"column":2}},"locations":[{"start":{"line":1,"column":26},"end":{"line":19,"column":2}}]},"1":{"type":"branch","line":5,"loc":{"start":{"line":5,"column":31},"end":{"line":13,"column":5}},"locations":[{"start":{"line":5,"column":31},"end":{"line":13,"column":5}}]},"2":{"type":"branch","line":16,"loc":{"start":{"line":16,"column":55},"end":{"line":16,"column":63}},"locations":[{"start":{"line":16,"column":55},"end":{"line":16,"column":63}}]},"3":{"type":"branch","line":6,"loc":{"start":{"line":6,"column":33},"end":{"line":12,"column":7}},"locations":[{"start":{"line":6,"column":33},"end":{"line":12,"column":7}}]},"4":{"type":"branch","line":7,"loc":{"start":{"line":7,"column":38},"end":{"line":12,"column":7}},"locations":[{"start":{"line":7,"column":38},"end":{"line":12,"column":7}}]}},"b":{"0":[2],"1":[1],"2":[0],"3":[2],"4":[1]},"fnMap":{"0":{"name":"fetchJsonVariable","decl":{"start":{"line":1,"column":26},"end":{"line":19,"column":2}},"loc":{"start":{"line":1,"column":26},"end":{"line":19,"column":2}},"line":1}},"f":{"0":2}}
,"/Users/mgeerse/Documents/BettyBlocks/gunderson-highq/functions/json-builder/1.0/index.js": {"path":"/Users/mgeerse/Documents/BettyBlocks/gunderson-highq/functions/json-builder/1.0/index.js","all":false,"statementMap":{"0":{"start":{"line":1,"column":0},"end":{"line":1,"column":23}},"1":{"start":{"line":2,"column":0},"end":{"line":2,"column":64}},"2":{"start":{"line":3,"column":0},"end":{"line":3,"column":70}},"3":{"start":{"line":4,"column":0},"end":{"line":4,"column":57}},"4":{"start":{"line":5,"column":0},"end":{"line":5,"column":25}},"5":{"start":{"line":6,"column":0},"end":{"line":6,"column":9}},"6":{"start":{"line":7,"column":0},"end":{"line":7,"column":0}},"7":{"start":{"line":8,"column":0},"end":{"line":8,"column":34}},"8":{"start":{"line":9,"column":0},"end":{"line":9,"column":28}},"9":{"start":{"line":10,"column":0},"end":{"line":10,"column":59}},"10":{"start":{"line":11,"column":0},"end":{"line":11,"column":30}},"11":{"start":{"line":12,"column":0},"end":{"line":12,"column":5}},"12":{"start":{"line":13,"column":0},"end":{"line":13,"column":3}},"13":{"start":{"line":14,"column":0},"end":{"line":14,"column":0}},"14":{"start":{"line":15,"column":0},"end":{"line":15,"column":53}},"15":{"start":{"line":16,"column":0},"end":{"line":16,"column":0}},"16":{"start":{"line":17,"column":0},"end":{"line":17,"column":10}},"17":{"start":{"line":18,"column":0},"end":{"line":18,"column":19}},"18":{"start":{"line":19,"column":0},"end":{"line":19,"column":4}},"19":{"start":{"line":20,"column":0},"end":{"line":20,"column":2}},"20":{"start":{"line":21,"column":0},"end":{"line":21,"column":0}},"21":{"start":{"line":22,"column":0},"end":{"line":22,"column":27}}},"s":{"0":1,"1":1,"2":1,"3":3,"4":3,"5":1,"6":1,"7":1,"8":3,"9":1,"10":1,"11":1,"12":3,"13":1,"14":1,"15":1,"16":1,"17":1,"18":1,"19":1,"20":1,"21":1},"branchMap":{"0":{"type":"branch","line":2,"loc":{"start":{"line":2,"column":20},"end":{"line":20,"column":2}},"locations":[{"start":{"line":2,"column":20},"end":{"line":20,"column":2}}]},"1":{"type":"branch","line":8,"loc":{"start":{"line":8,"column":33},"end":{"line":13,"column":3}},"locations":[{"start":{"line":8,"column":33},"end":{"line":13,"column":3}}]},"2":{"type":"branch","line":9,"loc":{"start":{"line":9,"column":27},"end":{"line":12,"column":5}},"locations":[{"start":{"line":9,"column":27},"end":{"line":12,"column":5}}]},"3":{"type":"branch","line":3,"loc":{"start":{"line":3,"column":36},"end":{"line":6,"column":3}},"locations":[{"start":{"line":3,"column":36},"end":{"line":6,"column":3}}]}},"b":{"0":[1],"1":[3],"2":[1],"3":[3]},"fnMap":{"0":{"name":"jsonBuilder","decl":{"start":{"line":2,"column":20},"end":{"line":20,"column":2}},"loc":{"start":{"line":2,"column":20},"end":{"line":20,"column":2}},"line":2}},"f":{"0":1}}
,"/Users/mgeerse/Documents/BettyBlocks/gunderson-highq/functions/provison-fields/1.0/index.js": {"path":"/Users/mgeerse/Documents/BettyBlocks/gunderson-highq/functions/provison-fields/1.0/index.js","all":false,"statementMap":{"0":{"start":{"line":1,"column":0},"end":{"line":1,"column":53}},"1":{"start":{"line":2,"column":0},"end":{"line":2,"column":7}},"2":{"start":{"line":3,"column":0},"end":{"line":3,"column":32}},"3":{"start":{"line":4,"column":0},"end":{"line":4,"column":13}},"4":{"start":{"line":5,"column":0},"end":{"line":5,"column":33}},"5":{"start":{"line":6,"column":0},"end":{"line":6,"column":59}},"6":{"start":{"line":7,"column":0},"end":{"line":7,"column":5}},"7":{"start":{"line":8,"column":0},"end":{"line":8,"column":31}},"8":{"start":{"line":9,"column":0},"end":{"line":9,"column":34}},"9":{"start":{"line":10,"column":0},"end":{"line":10,"column":29}},"10":{"start":{"line":11,"column":0},"end":{"line":11,"column":35}},"11":{"start":{"line":12,"column":0},"end":{"line":12,"column":29}},"12":{"start":{"line":13,"column":0},"end":{"line":13,"column":47}},"13":{"start":{"line":14,"column":0},"end":{"line":14,"column":34}},"14":{"start":{"line":15,"column":0},"end":{"line":15,"column":11}},"15":{"start":{"line":16,"column":0},"end":{"line":16,"column":11}},"16":{"start":{"line":17,"column":0},"end":{"line":17,"column":9}},"17":{"start":{"line":18,"column":0},"end":{"line":18,"column":12}},"18":{"start":{"line":19,"column":0},"end":{"line":19,"column":33}},"19":{"start":{"line":20,"column":0},"end":{"line":20,"column":43}},"20":{"start":{"line":21,"column":0},"end":{"line":21,"column":30}},"21":{"start":{"line":22,"column":0},"end":{"line":22,"column":9}},"22":{"start":{"line":23,"column":0},"end":{"line":23,"column":9}},"23":{"start":{"line":24,"column":0},"end":{"line":24,"column":5}},"24":{"start":{"line":25,"column":0},"end":{"line":25,"column":0}},"25":{"start":{"line":26,"column":0},"end":{"line":26,"column":12}},"26":{"start":{"line":27,"column":0},"end":{"line":27,"column":16}},"27":{"start":{"line":28,"column":0},"end":{"line":28,"column":6}},"28":{"start":{"line":29,"column":0},"end":{"line":29,"column":3}},"29":{"start":{"line":30,"column":0},"end":{"line":30,"column":2}},"30":{"start":{"line":31,"column":0},"end":{"line":31,"column":0}},"31":{"start":{"line":32,"column":0},"end":{"line":32,"column":30}}},"s":{"0":1,"1":3,"2":3,"3":3,"4":3,"5":1,"6":1,"7":3,"8":1,"9":2,"10":2,"11":48,"12":48,"13":48,"14":48,"15":2,"16":1,"17":1,"18":1,"19":24,"20":24,"21":24,"22":1,"23":1,"24":2,"25":2,"26":2,"27":2,"28":2,"29":3,"30":1,"31":1},"branchMap":{"0":{"type":"branch","line":1,"loc":{"start":{"line":1,"column":23},"end":{"line":30,"column":2}},"locations":[{"start":{"line":1,"column":23},"end":{"line":30,"column":2}}]},"1":{"type":"branch","line":5,"loc":{"start":{"line":5,"column":32},"end":{"line":7,"column":5}},"locations":[{"start":{"line":5,"column":32},"end":{"line":7,"column":5}}]},"2":{"type":"branch","line":7,"loc":{"start":{"line":7,"column":4},"end":{"line":8,"column":30}},"locations":[{"start":{"line":7,"column":4},"end":{"line":8,"column":30}}]},"3":{"type":"branch","line":8,"loc":{"start":{"line":8,"column":30},"end":{"line":24,"column":5}},"locations":[{"start":{"line":8,"column":30},"end":{"line":24,"column":5}}]},"4":{"type":"branch","line":24,"loc":{"start":{"line":24,"column":4},"end":{"line":29,"column":3}},"locations":[{"start":{"line":24,"column":4},"end":{"line":29,"column":3}}]},"5":{"type":"branch","line":9,"loc":{"start":{"line":9,"column":21},"end":{"line":17,"column":7}},"locations":[{"start":{"line":9,"column":21},"end":{"line":17,"column":7}}]},"6":{"type":"branch","line":11,"loc":{"start":{"line":11,"column":24},"end":{"line":16,"column":9}},"locations":[{"start":{"line":11,"column":24},"end":{"line":16,"column":9}}]},"7":{"type":"branch","line":19,"loc":{"start":{"line":19,"column":22},"end":{"line":23,"column":7}},"locations":[{"start":{"line":19,"column":22},"end":{"line":23,"column":7}}]}},"b":{"0":[3],"1":[1],"2":[2],"3":[1],"4":[2],"5":[2],"6":[48],"7":[24]},"fnMap":{"0":{"name":"provisonFields","decl":{"start":{"line":1,"column":23},"end":{"line":30,"column":2}},"loc":{"start":{"line":1,"column":23},"end":{"line":30,"column":2}},"line":1}},"f":{"0":3}}
}
