TN:
SF:functions/add-ids/1.0/index.js
FN:1,addIds
FNF:1
FNH:1
FNDA:3,addIds
DA:1,1
DA:2,3
DA:3,2
DA:4,4
DA:5,4
DA:6,2
DA:7,2
DA:8,2
DA:9,2
DA:10,4
DA:11,2
DA:12,2
DA:13,2
DA:14,3
DA:15,1
DA:16,1
DA:17,3
DA:18,1
DA:19,1
LF:19
LH:19
BRDA:1,0,0,3
BRDA:2,1,0,2
BRDA:3,2,0,4
BRDA:5,3,0,2
BRDA:14,4,0,1
BRF:5
BRH:5
end_of_record
TN:
SF:functions/count/1.0/index.js
FN:1,count
FNF:1
FNH:1
FNDA:2,count
DA:1,1
DA:2,2
DA:3,2
DA:4,2
DA:5,2
DA:6,2
DA:7,2
DA:8,2
DA:9,2
DA:10,2
DA:11,2
DA:12,1
DA:13,1
LF:13
LH:13
BRDA:1,0,0,2
BRDA:6,1,0,0
BRF:2
BRH:1
end_of_record
TN:
SF:functions/disect-params/1.0/index.js
FN:1,disectParams
FN:3,setConditions
FNF:2
FNH:2
FNDA:1,disectParams
FNDA:1,setConditions
DA:1,1
DA:2,1
DA:3,1
DA:4,1
DA:5,1
DA:6,0
DA:7,1
DA:8,1
DA:9,0
DA:10,0
DA:11,0
DA:12,0
DA:13,0
DA:14,0
DA:15,0
DA:16,0
DA:17,1
DA:18,1
DA:19,1
DA:20,1
DA:21,1
DA:22,1
DA:23,1
DA:24,1
DA:25,1
DA:26,1
DA:27,1
DA:28,1
DA:29,1
LF:29
LH:20
BRDA:1,0,0,1
BRDA:3,1,0,1
BRDA:8,2,0,0
BRF:3
BRH:2
end_of_record
TN:
SF:functions/fetch-json-variable/1.0/index.js
FN:1,fetchJsonVariable
FNF:1
FNH:1
FNDA:2,fetchJsonVariable
DA:1,1
DA:2,2
DA:3,2
DA:4,2
DA:5,2
DA:6,1
DA:7,2
DA:8,1
DA:9,1
DA:10,1
DA:11,1
DA:12,1
DA:13,1
DA:14,2
DA:15,2
DA:16,2
DA:17,2
DA:18,2
DA:19,2
DA:20,1
DA:21,1
LF:21
LH:21
BRDA:1,0,0,2
BRDA:5,1,0,1
BRDA:16,2,0,0
BRDA:6,3,0,2
BRDA:7,4,0,1
BRF:5
BRH:4
end_of_record
TN:
SF:functions/json-builder/1.0/index.js
FN:2,jsonBuilder
FNF:1
FNH:1
FNDA:1,jsonBuilder
DA:1,1
DA:2,1
DA:3,1
DA:4,3
DA:5,3
DA:6,1
DA:7,1
DA:8,1
DA:9,3
DA:10,1
DA:11,1
DA:12,1
DA:13,3
DA:14,1
DA:15,1
DA:16,1
DA:17,1
DA:18,1
DA:19,1
DA:20,1
DA:21,1
DA:22,1
LF:22
LH:22
BRDA:2,0,0,1
BRDA:8,1,0,3
BRDA:9,2,0,1
BRDA:3,3,0,3
BRF:4
BRH:4
end_of_record
TN:
SF:functions/provison-fields/1.0/index.js
FN:1,provisonFields
FNF:1
FNH:1
FNDA:3,provisonFields
DA:1,1
DA:2,3
DA:3,3
DA:4,3
DA:5,3
DA:6,1
DA:7,1
DA:8,3
DA:9,1
DA:10,2
DA:11,48
DA:12,48
DA:13,48
DA:14,2
DA:15,1
DA:16,1
DA:17,1
DA:18,24
DA:19,24
DA:20,24
DA:21,1
DA:22,1
DA:23,2
DA:24,2
DA:25,2
DA:26,2
DA:27,2
DA:28,3
DA:29,1
DA:30,1
LF:30
LH:30
BRDA:1,0,0,3
BRDA:5,1,0,1
BRDA:7,2,0,2
BRDA:8,3,0,1
BRDA:22,4,0,2
BRDA:9,5,0,2
BRDA:10,6,0,48
BRDA:17,7,0,24
BRF:8
BRH:8
end_of_record
