TN:
SF:functions/add-ids/1.0/index.js
FN:1,addIds
FNF:1
FNH:1
FNDA:3,addIds
DA:1,1
DA:2,3
DA:3,2
DA:4,4
DA:5,4
DA:6,2
DA:7,2
DA:8,2
DA:9,2
DA:10,4
DA:11,2
DA:12,2
DA:13,2
DA:14,3
DA:15,1
DA:16,1
DA:17,3
DA:18,1
DA:19,1
LF:19
LH:19
BRDA:1,0,0,3
BRDA:2,1,0,2
BRDA:3,2,0,4
BRDA:5,3,0,2
BRDA:14,4,0,1
BRF:5
BRH:5
end_of_record
TN:
SF:functions/count/1.0/index.js
FN:1,count
FNF:1
FNH:1
FNDA:2,count
DA:1,1
DA:2,2
DA:3,2
DA:4,2
DA:5,2
DA:6,2
DA:7,2
DA:8,2
DA:9,2
DA:10,2
DA:11,2
DA:12,1
DA:13,1
LF:13
LH:13
BRDA:1,0,0,2
BRDA:6,1,0,0
BRF:2
BRH:1
end_of_record
TN:
SF:functions/disect-params/1.0/index.js
FN:1,disectParams
FN:3,setConditions
FNF:2
FNH:2
FNDA:1,disectParams
FNDA:1,setConditions
DA:1,1
DA:2,1
DA:3,1
DA:4,1
DA:5,1
DA:6,0
DA:7,1
DA:8,1
DA:9,0
DA:10,0
DA:11,0
DA:12,0
DA:13,0
DA:14,0
DA:15,0
DA:16,0
DA:17,1
DA:18,1
DA:19,1
DA:20,1
DA:21,1
DA:22,1
DA:23,1
DA:24,1
DA:25,1
DA:26,1
DA:27,1
DA:28,1
DA:29,1
LF:29
LH:20
BRDA:1,0,0,1
BRDA:3,1,0,1
BRDA:8,2,0,0
BRF:3
BRH:2
end_of_record
TN:
SF:functions/fetch-json-variable/1.0/index.js
FN:1,fetchJsonVariable
FNF:1
FNH:1
FNDA:3,fetchJsonVariable
DA:1,1
DA:2,3
DA:3,3
DA:4,3
DA:5,3
DA:6,1
DA:7,2
DA:8,1
DA:9,1
DA:10,1
DA:11,1
DA:12,1
DA:13,1
DA:14,3
DA:15,3
DA:16,3
DA:17,3
DA:18,3
DA:19,3
DA:20,1
DA:21,1
LF:21
LH:21
BRDA:1,0,0,3
BRDA:5,1,0,1
BRDA:16,2,0,2
BRDA:16,3,0,1
BRDA:6,4,0,2
BRDA:7,5,0,1
BRF:6
BRH:6
end_of_record
TN:
SF:functions/json-builder/1.0/index.js
FN:2,jsonBuilder
FNF:1
FNH:1
FNDA:1,jsonBuilder
DA:1,1
DA:2,1
DA:3,1
DA:4,3
DA:5,3
DA:6,1
DA:7,1
DA:8,1
DA:9,3
DA:10,1
DA:11,1
DA:12,1
DA:13,3
DA:14,1
DA:15,1
DA:16,1
DA:17,1
DA:18,1
DA:19,1
DA:20,1
DA:21,1
DA:22,1
LF:22
LH:22
BRDA:2,0,0,1
BRDA:8,1,0,3
BRDA:9,2,0,1
BRDA:3,3,0,3
BRF:4
BRH:4
end_of_record
TN:
SF:functions/provison-fields/1.0/index.js
FN:1,provisonFields
FNF:1
FNH:1
FNDA:3,provisonFields
DA:1,1
DA:2,3
DA:3,3
DA:4,3
DA:5,3
DA:6,1
DA:7,1
DA:8,3
DA:9,1
DA:10,2
DA:11,12
DA:12,12
DA:13,12
DA:14,2
DA:15,1
DA:16,1
DA:17,1
DA:18,6
DA:19,6
DA:20,6
DA:21,1
DA:22,1
DA:23,2
DA:24,2
DA:25,2
DA:26,2
DA:27,2
DA:28,3
DA:29,1
DA:30,1
LF:30
LH:30
BRDA:1,0,0,3
BRDA:5,1,0,1
BRDA:7,2,0,2
BRDA:8,3,0,1
BRDA:22,4,0,2
BRDA:9,5,0,2
BRDA:10,6,0,12
BRDA:17,7,0,6
BRF:8
BRH:8
end_of_record
TN:
SF:functions/string-builder/1.0/index.js
FN:2,stringBuilder
FNF:1
FNH:1
FNDA:1,stringBuilder
DA:1,1
DA:2,1
DA:3,1
DA:4,2
DA:5,2
DA:6,1
DA:7,1
DA:8,1
DA:9,1
DA:10,1
DA:11,1
DA:12,1
DA:13,1
LF:13
LH:13
BRDA:2,0,0,1
BRDA:3,1,0,2
BRF:2
BRH:2
end_of_record
TN:
SF:functions/string-builder/1.0/templayed.js
FN:11,templayed
FN:12,get
FN:26,tag
FN:68,block
FNF:4
FNH:4
FNDA:1,templayed
FNDA:2,get
FNDA:1,tag
FNDA:1,block
DA:1,1
DA:2,1
DA:3,1
DA:4,1
DA:5,1
DA:6,1
DA:7,1
DA:8,1
DA:9,1
DA:10,1
DA:11,1
DA:12,1
DA:13,2
DA:14,2
DA:15,0
DA:16,0
DA:17,2
DA:18,2
DA:19,2
DA:20,2
DA:21,2
DA:22,2
DA:23,2
DA:24,2
DA:25,1
DA:26,1
DA:27,1
DA:28,1
DA:29,1
DA:30,2
DA:31,2
DA:32,2
DA:33,2
DA:34,2
DA:35,2
DA:36,2
DA:37,2
DA:38,2
DA:39,2
DA:40,2
DA:41,2
DA:42,2
DA:43,2
DA:44,2
DA:45,2
DA:46,2
DA:47,2
DA:48,2
DA:49,2
DA:50,2
DA:51,2
DA:52,2
DA:53,2
DA:54,2
DA:55,0
DA:56,2
DA:57,2
DA:58,2
DA:59,2
DA:60,2
DA:61,2
DA:62,2
DA:63,2
DA:64,2
DA:65,2
DA:66,1
DA:67,1
DA:68,1
DA:69,1
DA:70,1
DA:71,1
DA:72,1
DA:73,0
DA:74,0
DA:75,0
DA:76,0
DA:77,0
DA:78,0
DA:79,0
DA:80,0
DA:81,0
DA:82,0
DA:83,0
DA:84,0
DA:85,0
DA:86,0
DA:87,0
DA:88,0
DA:89,0
DA:90,0
DA:91,0
DA:92,0
DA:93,0
DA:94,0
DA:95,0
DA:96,0
DA:97,0
DA:98,0
DA:99,0
DA:100,0
DA:101,0
DA:102,0
DA:103,0
DA:104,0
DA:105,0
DA:106,0
DA:107,0
DA:108,0
DA:109,0
DA:110,0
DA:111,0
DA:112,0
DA:113,0
DA:114,0
DA:115,0
DA:116,0
DA:117,0
DA:118,0
DA:119,0
DA:120,0
DA:121,1
DA:122,1
DA:123,1
DA:124,1
DA:125,1
DA:126,1
DA:127,1
DA:128,1
DA:129,1
DA:130,1
DA:131,1
DA:132,1
DA:133,1
DA:134,1
DA:135,1
DA:136,1
DA:137,1
LF:137
LH:86
BRDA:11,0,0,1
BRDA:12,1,0,2
BRDA:19,2,0,0
BRDA:26,3,0,1
BRDA:29,4,0,2
BRDA:30,5,0,0
BRDA:55,6,0,0
BRDA:68,7,0,1
BRF:8
BRH:5
end_of_record
